2021-01-23 20:04:09.014  INFO 8808 --- [restartedMain] c.e.d.DataStructureWebApplication        : Starting DataStructureWebApplication using Java 10.0.2 on DESKTOP-0M9T14F with PID 8808 (D:\STUDY\JavaWorkPlace\DataStructureWebApplication\target\classes started by Episo in D:\STUDY\JavaWorkPlace\DataStructureWebApplication)
2021-01-23 20:04:09.029 DEBUG 8808 --- [restartedMain] c.e.d.DataStructureWebApplication        : Running with Spring Boot v2.4.1, Spring v5.3.2
2021-01-23 20:04:09.030  INFO 8808 --- [restartedMain] c.e.d.DataStructureWebApplication        : No active profile set, falling back to default profiles: default
2021-01-23 20:04:09.082  INFO 8808 --- [restartedMain] .e.DevToolsPropertyDefaultsPostProcessor : Devtools property defaults active! Set 'spring.devtools.add-properties' to 'false' to disable
2021-01-23 20:04:09.103  INFO 8808 --- [restartedMain] .e.DevToolsPropertyDefaultsPostProcessor : For additional web related logging consider setting the 'logging.level.web' property to 'DEBUG'
2021-01-23 20:04:10.096  INFO 8808 --- [restartedMain] .s.d.r.c.RepositoryConfigurationDelegate : Bootstrapping Spring Data JPA repositories in DEFAULT mode.
2021-01-23 20:04:10.173  INFO 8808 --- [restartedMain] .s.d.r.c.RepositoryConfigurationDelegate : Finished Spring Data repository scanning in 70 ms. Found 12 JPA repository interfaces.
2021-01-23 20:04:10.944  INFO 8808 --- [restartedMain] o.s.b.w.embedded.tomcat.TomcatWebServer  : Tomcat initialized with port(s): 8080 (http)
2021-01-23 20:04:10.954  INFO 8808 --- [restartedMain] o.apache.catalina.core.StandardService   : Starting service [Tomcat]
2021-01-23 20:04:10.954  INFO 8808 --- [restartedMain] org.apache.catalina.core.StandardEngine  : Starting Servlet engine: [Apache Tomcat/9.0.41]
2021-01-23 20:04:11.055  INFO 8808 --- [restartedMain] o.a.c.c.C.[Tomcat].[localhost].[/]       : Initializing Spring embedded WebApplicationContext
2021-01-23 20:04:11.056  INFO 8808 --- [restartedMain] w.s.c.ServletWebServerApplicationContext : Root WebApplicationContext: initialization completed in 1952 ms
2021-01-23 20:04:11.224  INFO 8808 --- [restartedMain] o.hibernate.jpa.internal.util.LogHelper  : HHH000204: Processing PersistenceUnitInfo [fileName: default]
2021-01-23 20:04:11.274  INFO 8808 --- [restartedMain] org.hibernate.Version                    : HHH000412: Hibernate ORM core version 5.4.25.Final
2021-01-23 20:04:11.390  INFO 8808 --- [restartedMain] o.hibernate.annotations.common.Version   : HCANN000001: Hibernate Commons Annotations {5.1.2.Final}
2021-01-23 20:04:11.488  INFO 8808 --- [restartedMain] com.zaxxer.hikari.HikariDataSource       : HikariPool-1 - Starting...
2021-01-23 20:04:12.241  INFO 8808 --- [restartedMain] com.zaxxer.hikari.HikariDataSource       : HikariPool-1 - Start completed.
2021-01-23 20:04:12.252  INFO 8808 --- [restartedMain] org.hibernate.dialect.Dialect            : HHH000400: Using dialect: org.hibernate.dialect.MySQL5InnoDBDialect
2021-01-23 20:04:13.408  INFO 8808 --- [restartedMain] o.h.e.t.j.p.i.JtaPlatformInitiator       : HHH000490: Using JtaPlatform implementation: [org.hibernate.engine.transaction.jta.platform.internal.NoJtaPlatform]
2021-01-23 20:04:13.415  INFO 8808 --- [restartedMain] j.LocalContainerEntityManagerFactoryBean : Initialized JPA EntityManagerFactory for persistence unit 'default'
2021-01-23 20:04:13.463  INFO 8808 --- [restartedMain] o.s.b.d.a.OptionalLiveReloadServer       : LiveReload server is running on port 35729
2021-01-23 20:04:13.831  WARN 8808 --- [restartedMain] ConfigServletWebServerApplicationContext : Exception encountered during context initialization - cancelling refresh attempt: org.springframework.beans.factory.UnsatisfiedDependencyException: Error creating bean with fileName 'answerSheetAnswerController': Unsatisfied dependency expressed through field 'answerSheetAnswerDAO'; nested exception is org.springframework.beans.factory.BeanCreationException: Error creating bean with fileName 'answerSheetAnswerDAO' defined in cn.episooo.datastructurewebapplication.dao.AnswerSheetAnswerDAO defined in @EnableJpaRepositories declared on DataStructureWebApplication: Invocation of init method failed; nested exception is java.lang.IllegalArgumentException: Failed to create query for method public abstract java.util.List cn.episooo.datastructurewebapplication.dao.AnswerSheetAnswerDAO.findAllById_SheetIdAndId_UserId(int,int)! No property sheetId found for type AnswerSheetAnswerKey! Traversed path: AnswerSheetAnswer.id.
2021-01-23 20:04:13.832  INFO 8808 --- [restartedMain] j.LocalContainerEntityManagerFactoryBean : Closing JPA EntityManagerFactory for persistence unit 'default'
2021-01-23 20:04:13.836  INFO 8808 --- [restartedMain] com.zaxxer.hikari.HikariDataSource       : HikariPool-1 - Shutdown initiated...
2021-01-23 20:04:13.857  INFO 8808 --- [restartedMain] com.zaxxer.hikari.HikariDataSource       : HikariPool-1 - Shutdown completed.
2021-01-23 20:04:13.860  INFO 8808 --- [restartedMain] o.apache.catalina.core.StandardService   : Stopping service [Tomcat]
2021-01-23 20:04:13.871  INFO 8808 --- [restartedMain] ConditionEvaluationReportLoggingListener : 

Error starting ApplicationContext. To display the conditions report re-run your application with 'debug' enabled.
2021-01-23 20:04:13.896 ERROR 8808 --- [restartedMain] o.s.boot.SpringApplication               : Application run failed

org.springframework.beans.factory.UnsatisfiedDependencyException: Error creating bean with fileName 'answerSheetAnswerController': Unsatisfied dependency expressed through field 'answerSheetAnswerDAO'; nested exception is org.springframework.beans.factory.BeanCreationException: Error creating bean with fileName 'answerSheetAnswerDAO' defined in cn.episooo.datastructurewebapplication.dao.AnswerSheetAnswerDAO defined in @EnableJpaRepositories declared on DataStructureWebApplication: Invocation of init method failed; nested exception is java.lang.IllegalArgumentException: Failed to create query for method public abstract java.util.List cn.episooo.datastructurewebapplication.dao.AnswerSheetAnswerDAO.findAllById_SheetIdAndId_UserId(int,int)! No property sheetId found for type AnswerSheetAnswerKey! Traversed path: AnswerSheetAnswer.id.
	at org.springframework.beans.factory.annotation.AutowiredAnnotationBeanPostProcessor$AutowiredFieldElement.inject(AutowiredAnnotationBeanPostProcessor.java:643) ~[spring-beans-5.3.2.jar:5.3.2]
	at org.springframework.beans.factory.annotation.InjectionMetadata.inject(InjectionMetadata.java:119) ~[spring-beans-5.3.2.jar:5.3.2]
	at org.springframework.beans.factory.annotation.AutowiredAnnotationBeanPostProcessor.postProcessProperties(AutowiredAnnotationBeanPostProcessor.java:399) ~[spring-beans-5.3.2.jar:5.3.2]
	at org.springframework.beans.factory.support.AbstractAutowireCapableBeanFactory.populateBean(AbstractAutowireCapableBeanFactory.java:1415) ~[spring-beans-5.3.2.jar:5.3.2]
	at org.springframework.beans.factory.support.AbstractAutowireCapableBeanFactory.doCreateBean(AbstractAutowireCapableBeanFactory.java:608) ~[spring-beans-5.3.2.jar:5.3.2]
	at org.springframework.beans.factory.support.AbstractAutowireCapableBeanFactory.createBean(AbstractAutowireCapableBeanFactory.java:531) ~[spring-beans-5.3.2.jar:5.3.2]
	at org.springframework.beans.factory.support.AbstractBeanFactory.lambda$doGetBean$0(AbstractBeanFactory.java:335) ~[spring-beans-5.3.2.jar:5.3.2]
	at org.springframework.beans.factory.support.DefaultSingletonBeanRegistry.getSingleton(DefaultSingletonBeanRegistry.java:234) ~[spring-beans-5.3.2.jar:5.3.2]
	at org.springframework.beans.factory.support.AbstractBeanFactory.doGetBean(AbstractBeanFactory.java:333) ~[spring-beans-5.3.2.jar:5.3.2]
	at org.springframework.beans.factory.support.AbstractBeanFactory.getBean(AbstractBeanFactory.java:208) ~[spring-beans-5.3.2.jar:5.3.2]
	at org.springframework.beans.factory.support.DefaultListableBeanFactory.preInstantiateSingletons(DefaultListableBeanFactory.java:944) ~[spring-beans-5.3.2.jar:5.3.2]
	at org.springframework.context.support.AbstractApplicationContext.finishBeanFactoryInitialization(AbstractApplicationContext.java:923) ~[spring-context-5.3.2.jar:5.3.2]
	at org.springframework.context.support.AbstractApplicationContext.refresh(AbstractApplicationContext.java:588) ~[spring-context-5.3.2.jar:5.3.2]
	at org.springframework.boot.web.servlet.context.ServletWebServerApplicationContext.refresh(ServletWebServerApplicationContext.java:144) ~[spring-boot-2.4.1.jar:2.4.1]
	at org.springframework.boot.SpringApplication.refresh(SpringApplication.java:767) [spring-boot-2.4.1.jar:2.4.1]
	at org.springframework.boot.SpringApplication.refresh(SpringApplication.java:759) [spring-boot-2.4.1.jar:2.4.1]
	at org.springframework.boot.SpringApplication.refreshContext(SpringApplication.java:426) [spring-boot-2.4.1.jar:2.4.1]
	at org.springframework.boot.SpringApplication.run(SpringApplication.java:326) [spring-boot-2.4.1.jar:2.4.1]
	at org.springframework.boot.SpringApplication.run(SpringApplication.java:1309) [spring-boot-2.4.1.jar:2.4.1]
	at org.springframework.boot.SpringApplication.run(SpringApplication.java:1298) [spring-boot-2.4.1.jar:2.4.1]
	at cn.episooo.datastructurewebapplication.DataStructureWebApplication.main(DataStructureWebApplication.java:14) [classes/:na]
	at java.base/jdk.internal.reflect.NativeMethodAccessorImpl.invoke0(Native Method) ~[na:na]
	at java.base/jdk.internal.reflect.NativeMethodAccessorImpl.invoke(NativeMethodAccessorImpl.java:62) ~[na:na]
	at java.base/jdk.internal.reflect.DelegatingMethodAccessorImpl.invoke(DelegatingMethodAccessorImpl.java:43) ~[na:na]
	at java.base/java.lang.reflect.Method.invoke(Method.java:564) ~[na:na]
	at org.springframework.boot.devtools.restart.RestartLauncher.run(RestartLauncher.java:49) [spring-boot-devtools-2.4.1.jar:2.4.1]
Caused by: org.springframework.beans.factory.BeanCreationException: Error creating bean with fileName 'answerSheetAnswerDAO' defined in cn.episooo.datastructurewebapplication.dao.AnswerSheetAnswerDAO defined in @EnableJpaRepositories declared on DataStructureWebApplication: Invocation of init method failed; nested exception is java.lang.IllegalArgumentException: Failed to create query for method public abstract java.util.List cn.episooo.datastructurewebapplication.dao.AnswerSheetAnswerDAO.findAllById_SheetIdAndId_UserId(int,int)! No property sheetId found for type AnswerSheetAnswerKey! Traversed path: AnswerSheetAnswer.id.
	at org.springframework.beans.factory.support.AbstractAutowireCapableBeanFactory.initializeBean(AbstractAutowireCapableBeanFactory.java:1788) ~[spring-beans-5.3.2.jar:5.3.2]
	at org.springframework.beans.factory.support.AbstractAutowireCapableBeanFactory.doCreateBean(AbstractAutowireCapableBeanFactory.java:609) ~[spring-beans-5.3.2.jar:5.3.2]
	at org.springframework.beans.factory.support.AbstractAutowireCapableBeanFactory.createBean(AbstractAutowireCapableBeanFactory.java:531) ~[spring-beans-5.3.2.jar:5.3.2]
	at org.springframework.beans.factory.support.AbstractBeanFactory.lambda$doGetBean$0(AbstractBeanFactory.java:335) ~[spring-beans-5.3.2.jar:5.3.2]
	at org.springframework.beans.factory.support.DefaultSingletonBeanRegistry.getSingleton(DefaultSingletonBeanRegistry.java:234) ~[spring-beans-5.3.2.jar:5.3.2]
	at org.springframework.beans.factory.support.AbstractBeanFactory.doGetBean(AbstractBeanFactory.java:333) ~[spring-beans-5.3.2.jar:5.3.2]
	at org.springframework.beans.factory.support.AbstractBeanFactory.getBean(AbstractBeanFactory.java:208) ~[spring-beans-5.3.2.jar:5.3.2]
	at org.springframework.beans.factory.config.DependencyDescriptor.resolveCandidate(DependencyDescriptor.java:276) ~[spring-beans-5.3.2.jar:5.3.2]
	at org.springframework.beans.factory.support.DefaultListableBeanFactory.doResolveDependency(DefaultListableBeanFactory.java:1367) ~[spring-beans-5.3.2.jar:5.3.2]
	at org.springframework.beans.factory.support.DefaultListableBeanFactory.resolveDependency(DefaultListableBeanFactory.java:1287) ~[spring-beans-5.3.2.jar:5.3.2]
	at org.springframework.beans.factory.annotation.AutowiredAnnotationBeanPostProcessor$AutowiredFieldElement.inject(AutowiredAnnotationBeanPostProcessor.java:640) ~[spring-beans-5.3.2.jar:5.3.2]
	... 25 common frames omitted
Caused by: java.lang.IllegalArgumentException: Failed to create query for method public abstract java.util.List cn.episooo.datastructurewebapplication.dao.AnswerSheetAnswerDAO.findAllById_SheetIdAndId_UserId(int,int)! No property sheetId found for type AnswerSheetAnswerKey! Traversed path: AnswerSheetAnswer.id.
	at org.springframework.data.jpa.repository.query.PartTreeJpaQuery.<init>(PartTreeJpaQuery.java:96) ~[spring-data-jpa-2.4.2.jar:2.4.2]
	at org.springframework.data.jpa.repository.query.JpaQueryLookupStrategy$CreateQueryLookupStrategy.resolveQuery(JpaQueryLookupStrategy.java:107) ~[spring-data-jpa-2.4.2.jar:2.4.2]
	at org.springframework.data.jpa.repository.query.JpaQueryLookupStrategy$CreateIfNotFoundQueryLookupStrategy.resolveQuery(JpaQueryLookupStrategy.java:218) ~[spring-data-jpa-2.4.2.jar:2.4.2]
	at org.springframework.data.jpa.repository.query.JpaQueryLookupStrategy$AbstractQueryLookupStrategy.resolveQuery(JpaQueryLookupStrategy.java:81) ~[spring-data-jpa-2.4.2.jar:2.4.2]
	at org.springframework.data.repository.core.support.QueryExecutorMethodInterceptor.lookupQuery(QueryExecutorMethodInterceptor.java:100) ~[spring-data-commons-2.4.2.jar:2.4.2]
	at org.springframework.data.repository.core.support.QueryExecutorMethodInterceptor.lambda$mapMethodsToQuery$1(QueryExecutorMethodInterceptor.java:93) ~[spring-data-commons-2.4.2.jar:2.4.2]
	at java.base/java.util.stream.ReferencePipeline$3$1.accept(ReferencePipeline.java:195) ~[na:na]
	at java.base/java.util.Iterator.forEachRemaining(Iterator.java:133) ~[na:na]
	at java.base/java.util.Collections$UnmodifiableCollection$1.forEachRemaining(Collections.java:1050) ~[na:na]
	at java.base/java.util.Spliterators$IteratorSpliterator.forEachRemaining(Spliterators.java:1801) ~[na:na]
	at java.base/java.util.stream.AbstractPipeline.copyInto(AbstractPipeline.java:484) ~[na:na]
	at java.base/java.util.stream.AbstractPipeline.wrapAndCopyInto(AbstractPipeline.java:474) ~[na:na]
	at java.base/java.util.stream.ReduceOps$ReduceOp.evaluateSequential(ReduceOps.java:913) ~[na:na]
	at java.base/java.util.stream.AbstractPipeline.evaluate(AbstractPipeline.java:234) ~[na:na]
	at java.base/java.util.stream.ReferencePipeline.collect(ReferencePipeline.java:578) ~[na:na]
	at org.springframework.data.repository.core.support.QueryExecutorMethodInterceptor.mapMethodsToQuery(QueryExecutorMethodInterceptor.java:95) ~[spring-data-commons-2.4.2.jar:2.4.2]
	at org.springframework.data.repository.core.support.QueryExecutorMethodInterceptor.lambda$new$0(QueryExecutorMethodInterceptor.java:85) ~[spring-data-commons-2.4.2.jar:2.4.2]
	at java.base/java.util.Optional.map(Optional.java:254) ~[na:na]
	at org.springframework.data.repository.core.support.QueryExecutorMethodInterceptor.<init>(QueryExecutorMethodInterceptor.java:85) ~[spring-data-commons-2.4.2.jar:2.4.2]
	at org.springframework.data.repository.core.support.RepositoryFactorySupport.getRepository(RepositoryFactorySupport.java:303) ~[spring-data-commons-2.4.2.jar:2.4.2]
	at org.springframework.data.repository.core.support.RepositoryFactoryBeanSupport.lambda$afterPropertiesSet$6(RepositoryFactoryBeanSupport.java:326) ~[spring-data-commons-2.4.2.jar:2.4.2]
	at org.springframework.data.util.Lazy.getNullable(Lazy.java:230) ~[spring-data-commons-2.4.2.jar:2.4.2]
	at org.springframework.data.util.Lazy.get(Lazy.java:114) ~[spring-data-commons-2.4.2.jar:2.4.2]
	at org.springframework.data.repository.core.support.RepositoryFactoryBeanSupport.afterPropertiesSet(RepositoryFactoryBeanSupport.java:329) ~[spring-data-commons-2.4.2.jar:2.4.2]
	at org.springframework.data.jpa.repository.support.JpaRepositoryFactoryBean.afterPropertiesSet(JpaRepositoryFactoryBean.java:144) ~[spring-data-jpa-2.4.2.jar:2.4.2]
	at org.springframework.beans.factory.support.AbstractAutowireCapableBeanFactory.invokeInitMethods(AbstractAutowireCapableBeanFactory.java:1847) ~[spring-beans-5.3.2.jar:5.3.2]
	at org.springframework.beans.factory.support.AbstractAutowireCapableBeanFactory.initializeBean(AbstractAutowireCapableBeanFactory.java:1784) ~[spring-beans-5.3.2.jar:5.3.2]
	... 35 common frames omitted
Caused by: org.springframework.data.mapping.PropertyReferenceException: No property sheetId found for type AnswerSheetAnswerKey! Traversed path: AnswerSheetAnswer.id.
	at org.springframework.data.mapping.PropertyPath.<init>(PropertyPath.java:90) ~[spring-data-commons-2.4.2.jar:2.4.2]
	at org.springframework.data.mapping.PropertyPath.create(PropertyPath.java:437) ~[spring-data-commons-2.4.2.jar:2.4.2]
	at org.springframework.data.mapping.PropertyPath.create(PropertyPath.java:413) ~[spring-data-commons-2.4.2.jar:2.4.2]
	at org.springframework.data.mapping.PropertyPath.create(PropertyPath.java:397) ~[spring-data-commons-2.4.2.jar:2.4.2]
	at org.springframework.data.mapping.PropertyPath.lambda$from$0(PropertyPath.java:369) ~[spring-data-commons-2.4.2.jar:2.4.2]
	at java.base/java.util.concurrent.ConcurrentMap.computeIfAbsent(ConcurrentMap.java:330) ~[na:na]
	at org.springframework.data.mapping.PropertyPath.from(PropertyPath.java:348) ~[spring-data-commons-2.4.2.jar:2.4.2]
	at org.springframework.data.mapping.PropertyPath.from(PropertyPath.java:331) ~[spring-data-commons-2.4.2.jar:2.4.2]
	at org.springframework.data.repository.query.parser.Part.<init>(Part.java:81) ~[spring-data-commons-2.4.2.jar:2.4.2]
	at org.springframework.data.repository.query.parser.PartTree$OrPart.lambda$new$0(PartTree.java:249) ~[spring-data-commons-2.4.2.jar:2.4.2]
	at java.base/java.util.stream.ReferencePipeline$3$1.accept(ReferencePipeline.java:195) ~[na:na]
	at java.base/java.util.stream.ReferencePipeline$2$1.accept(ReferencePipeline.java:177) ~[na:na]
	at java.base/java.util.Spliterators$ArraySpliterator.forEachRemaining(Spliterators.java:948) ~[na:na]
	at java.base/java.util.stream.AbstractPipeline.copyInto(AbstractPipeline.java:484) ~[na:na]
	at java.base/java.util.stream.AbstractPipeline.wrapAndCopyInto(AbstractPipeline.java:474) ~[na:na]
	at java.base/java.util.stream.ReduceOps$ReduceOp.evaluateSequential(ReduceOps.java:913) ~[na:na]
	at java.base/java.util.stream.AbstractPipeline.evaluate(AbstractPipeline.java:234) ~[na:na]
	at java.base/java.util.stream.ReferencePipeline.collect(ReferencePipeline.java:578) ~[na:na]
	at org.springframework.data.repository.query.parser.PartTree$OrPart.<init>(PartTree.java:250) ~[spring-data-commons-2.4.2.jar:2.4.2]
	at org.springframework.data.repository.query.parser.PartTree$Predicate.lambda$new$0(PartTree.java:383) ~[spring-data-commons-2.4.2.jar:2.4.2]
	at java.base/java.util.stream.ReferencePipeline$3$1.accept(ReferencePipeline.java:195) ~[na:na]
	at java.base/java.util.stream.ReferencePipeline$2$1.accept(ReferencePipeline.java:177) ~[na:na]
	at java.base/java.util.Spliterators$ArraySpliterator.forEachRemaining(Spliterators.java:948) ~[na:na]
	at java.base/java.util.stream.AbstractPipeline.copyInto(AbstractPipeline.java:484) ~[na:na]
	at java.base/java.util.stream.AbstractPipeline.wrapAndCopyInto(AbstractPipeline.java:474) ~[na:na]
	at java.base/java.util.stream.ReduceOps$ReduceOp.evaluateSequential(ReduceOps.java:913) ~[na:na]
	at java.base/java.util.stream.AbstractPipeline.evaluate(AbstractPipeline.java:234) ~[na:na]
	at java.base/java.util.stream.ReferencePipeline.collect(ReferencePipeline.java:578) ~[na:na]
	at org.springframework.data.repository.query.parser.PartTree$Predicate.<init>(PartTree.java:384) ~[spring-data-commons-2.4.2.jar:2.4.2]
	at org.springframework.data.repository.query.parser.PartTree.<init>(PartTree.java:95) ~[spring-data-commons-2.4.2.jar:2.4.2]
	at org.springframework.data.jpa.repository.query.PartTreeJpaQuery.<init>(PartTreeJpaQuery.java:89) ~[spring-data-jpa-2.4.2.jar:2.4.2]
	... 61 common frames omitted

2021-01-23 20:09:36.902  INFO 6272 --- [restartedMain] c.e.d.DataStructureWebApplication        : Starting DataStructureWebApplication using Java 10.0.2 on DESKTOP-0M9T14F with PID 6272 (D:\STUDY\JavaWorkPlace\DataStructureWebApplication\target\classes started by Episo in D:\STUDY\JavaWorkPlace\DataStructureWebApplication)
2021-01-23 20:09:36.904 DEBUG 6272 --- [restartedMain] c.e.d.DataStructureWebApplication        : Running with Spring Boot v2.4.1, Spring v5.3.2
2021-01-23 20:09:36.904  INFO 6272 --- [restartedMain] c.e.d.DataStructureWebApplication        : No active profile set, falling back to default profiles: default
2021-01-23 20:09:36.956  INFO 6272 --- [restartedMain] .e.DevToolsPropertyDefaultsPostProcessor : Devtools property defaults active! Set 'spring.devtools.add-properties' to 'false' to disable
2021-01-23 20:09:36.957  INFO 6272 --- [restartedMain] .e.DevToolsPropertyDefaultsPostProcessor : For additional web related logging consider setting the 'logging.level.web' property to 'DEBUG'
2021-01-23 20:09:37.355  INFO 6272 --- [restartedMain] .s.d.r.c.RepositoryConfigurationDelegate : Bootstrapping Spring Data JPA repositories in DEFAULT mode.
2021-01-23 20:09:37.424  INFO 6272 --- [restartedMain] .s.d.r.c.RepositoryConfigurationDelegate : Finished Spring Data repository scanning in 64 ms. Found 12 JPA repository interfaces.
2021-01-23 20:09:38.023  INFO 6272 --- [restartedMain] o.s.b.w.embedded.tomcat.TomcatWebServer  : Tomcat initialized with port(s): 8080 (http)
2021-01-23 20:09:38.032  INFO 6272 --- [restartedMain] o.apache.catalina.core.StandardService   : Starting service [Tomcat]
2021-01-23 20:09:38.032  INFO 6272 --- [restartedMain] org.apache.catalina.core.StandardEngine  : Starting Servlet engine: [Apache Tomcat/9.0.41]
2021-01-23 20:09:38.107  INFO 6272 --- [restartedMain] o.a.c.c.C.[Tomcat].[localhost].[/]       : Initializing Spring embedded WebApplicationContext
2021-01-23 20:09:38.107  INFO 6272 --- [restartedMain] w.s.c.ServletWebServerApplicationContext : Root WebApplicationContext: initialization completed in 1149 ms
2021-01-23 20:09:38.272  INFO 6272 --- [restartedMain] o.hibernate.jpa.internal.util.LogHelper  : HHH000204: Processing PersistenceUnitInfo [fileName: default]
2021-01-23 20:09:38.309  INFO 6272 --- [restartedMain] org.hibernate.Version                    : HHH000412: Hibernate ORM core version 5.4.25.Final
2021-01-23 20:09:38.387  INFO 6272 --- [restartedMain] o.hibernate.annotations.common.Version   : HCANN000001: Hibernate Commons Annotations {5.1.2.Final}
2021-01-23 20:09:38.458  INFO 6272 --- [restartedMain] com.zaxxer.hikari.HikariDataSource       : HikariPool-1 - Starting...
2021-01-23 20:09:38.658  INFO 6272 --- [restartedMain] com.zaxxer.hikari.HikariDataSource       : HikariPool-1 - Start completed.
2021-01-23 20:09:38.670  INFO 6272 --- [restartedMain] org.hibernate.dialect.Dialect            : HHH000400: Using dialect: org.hibernate.dialect.MySQL5InnoDBDialect
2021-01-23 20:09:39.899  INFO 6272 --- [restartedMain] o.h.e.t.j.p.i.JtaPlatformInitiator       : HHH000490: Using JtaPlatform implementation: [org.hibernate.engine.transaction.jta.platform.internal.NoJtaPlatform]
2021-01-23 20:09:39.906  INFO 6272 --- [restartedMain] j.LocalContainerEntityManagerFactoryBean : Initialized JPA EntityManagerFactory for persistence unit 'default'
2021-01-23 20:09:39.936  INFO 6272 --- [restartedMain] o.s.b.d.a.OptionalLiveReloadServer       : LiveReload server is running on port 35729
2021-01-23 20:09:40.193  WARN 6272 --- [restartedMain] ConfigServletWebServerApplicationContext : Exception encountered during context initialization - cancelling refresh attempt: org.springframework.beans.factory.UnsatisfiedDependencyException: Error creating bean with fileName 'answerSheetAnswerController': Unsatisfied dependency expressed through field 'answerSheetAnswerDAO'; nested exception is org.springframework.beans.factory.BeanCreationException: Error creating bean with fileName 'answerSheetAnswerDAO' defined in cn.episooo.datastructurewebapplication.dao.AnswerSheetAnswerDAO defined in @EnableJpaRepositories declared on DataStructureWebApplication: Invocation of init method failed; nested exception is java.lang.IllegalArgumentException: Failed to create query for method public abstract java.util.List cn.episooo.datastructurewebapplication.dao.AnswerSheetAnswerDAO.findAllById_SheetIdAndId_UserId(int,int)! No property userId found for type AnswerSheetAnswerKey! Traversed path: AnswerSheetAnswer.id.
2021-01-23 20:09:40.193  INFO 6272 --- [restartedMain] j.LocalContainerEntityManagerFactoryBean : Closing JPA EntityManagerFactory for persistence unit 'default'
2021-01-23 20:09:40.197  INFO 6272 --- [restartedMain] com.zaxxer.hikari.HikariDataSource       : HikariPool-1 - Shutdown initiated...
2021-01-23 20:09:40.204  INFO 6272 --- [restartedMain] com.zaxxer.hikari.HikariDataSource       : HikariPool-1 - Shutdown completed.
2021-01-23 20:09:40.206  INFO 6272 --- [restartedMain] o.apache.catalina.core.StandardService   : Stopping service [Tomcat]
2021-01-23 20:09:40.216  INFO 6272 --- [restartedMain] ConditionEvaluationReportLoggingListener : 

Error starting ApplicationContext. To display the conditions report re-run your application with 'debug' enabled.
2021-01-23 20:09:40.236 ERROR 6272 --- [restartedMain] o.s.boot.SpringApplication               : Application run failed

org.springframework.beans.factory.UnsatisfiedDependencyException: Error creating bean with fileName 'answerSheetAnswerController': Unsatisfied dependency expressed through field 'answerSheetAnswerDAO'; nested exception is org.springframework.beans.factory.BeanCreationException: Error creating bean with fileName 'answerSheetAnswerDAO' defined in cn.episooo.datastructurewebapplication.dao.AnswerSheetAnswerDAO defined in @EnableJpaRepositories declared on DataStructureWebApplication: Invocation of init method failed; nested exception is java.lang.IllegalArgumentException: Failed to create query for method public abstract java.util.List cn.episooo.datastructurewebapplication.dao.AnswerSheetAnswerDAO.findAllById_SheetIdAndId_UserId(int,int)! No property userId found for type AnswerSheetAnswerKey! Traversed path: AnswerSheetAnswer.id.
	at org.springframework.beans.factory.annotation.AutowiredAnnotationBeanPostProcessor$AutowiredFieldElement.inject(AutowiredAnnotationBeanPostProcessor.java:643) ~[spring-beans-5.3.2.jar:5.3.2]
	at org.springframework.beans.factory.annotation.InjectionMetadata.inject(InjectionMetadata.java:119) ~[spring-beans-5.3.2.jar:5.3.2]
	at org.springframework.beans.factory.annotation.AutowiredAnnotationBeanPostProcessor.postProcessProperties(AutowiredAnnotationBeanPostProcessor.java:399) ~[spring-beans-5.3.2.jar:5.3.2]
	at org.springframework.beans.factory.support.AbstractAutowireCapableBeanFactory.populateBean(AbstractAutowireCapableBeanFactory.java:1415) ~[spring-beans-5.3.2.jar:5.3.2]
	at org.springframework.beans.factory.support.AbstractAutowireCapableBeanFactory.doCreateBean(AbstractAutowireCapableBeanFactory.java:608) ~[spring-beans-5.3.2.jar:5.3.2]
	at org.springframework.beans.factory.support.AbstractAutowireCapableBeanFactory.createBean(AbstractAutowireCapableBeanFactory.java:531) ~[spring-beans-5.3.2.jar:5.3.2]
	at org.springframework.beans.factory.support.AbstractBeanFactory.lambda$doGetBean$0(AbstractBeanFactory.java:335) ~[spring-beans-5.3.2.jar:5.3.2]
	at org.springframework.beans.factory.support.DefaultSingletonBeanRegistry.getSingleton(DefaultSingletonBeanRegistry.java:234) ~[spring-beans-5.3.2.jar:5.3.2]
	at org.springframework.beans.factory.support.AbstractBeanFactory.doGetBean(AbstractBeanFactory.java:333) ~[spring-beans-5.3.2.jar:5.3.2]
	at org.springframework.beans.factory.support.AbstractBeanFactory.getBean(AbstractBeanFactory.java:208) ~[spring-beans-5.3.2.jar:5.3.2]
	at org.springframework.beans.factory.support.DefaultListableBeanFactory.preInstantiateSingletons(DefaultListableBeanFactory.java:944) ~[spring-beans-5.3.2.jar:5.3.2]
	at org.springframework.context.support.AbstractApplicationContext.finishBeanFactoryInitialization(AbstractApplicationContext.java:923) ~[spring-context-5.3.2.jar:5.3.2]
	at org.springframework.context.support.AbstractApplicationContext.refresh(AbstractApplicationContext.java:588) ~[spring-context-5.3.2.jar:5.3.2]
	at org.springframework.boot.web.servlet.context.ServletWebServerApplicationContext.refresh(ServletWebServerApplicationContext.java:144) ~[spring-boot-2.4.1.jar:2.4.1]
	at org.springframework.boot.SpringApplication.refresh(SpringApplication.java:767) [spring-boot-2.4.1.jar:2.4.1]
	at org.springframework.boot.SpringApplication.refresh(SpringApplication.java:759) [spring-boot-2.4.1.jar:2.4.1]
	at org.springframework.boot.SpringApplication.refreshContext(SpringApplication.java:426) [spring-boot-2.4.1.jar:2.4.1]
	at org.springframework.boot.SpringApplication.run(SpringApplication.java:326) [spring-boot-2.4.1.jar:2.4.1]
	at org.springframework.boot.SpringApplication.run(SpringApplication.java:1309) [spring-boot-2.4.1.jar:2.4.1]
	at org.springframework.boot.SpringApplication.run(SpringApplication.java:1298) [spring-boot-2.4.1.jar:2.4.1]
	at cn.episooo.datastructurewebapplication.DataStructureWebApplication.main(DataStructureWebApplication.java:14) [classes/:na]
	at java.base/jdk.internal.reflect.NativeMethodAccessorImpl.invoke0(Native Method) ~[na:na]
	at java.base/jdk.internal.reflect.NativeMethodAccessorImpl.invoke(NativeMethodAccessorImpl.java:62) ~[na:na]
	at java.base/jdk.internal.reflect.DelegatingMethodAccessorImpl.invoke(DelegatingMethodAccessorImpl.java:43) ~[na:na]
	at java.base/java.lang.reflect.Method.invoke(Method.java:564) ~[na:na]
	at org.springframework.boot.devtools.restart.RestartLauncher.run(RestartLauncher.java:49) [spring-boot-devtools-2.4.1.jar:2.4.1]
Caused by: org.springframework.beans.factory.BeanCreationException: Error creating bean with fileName 'answerSheetAnswerDAO' defined in cn.episooo.datastructurewebapplication.dao.AnswerSheetAnswerDAO defined in @EnableJpaRepositories declared on DataStructureWebApplication: Invocation of init method failed; nested exception is java.lang.IllegalArgumentException: Failed to create query for method public abstract java.util.List cn.episooo.datastructurewebapplication.dao.AnswerSheetAnswerDAO.findAllById_SheetIdAndId_UserId(int,int)! No property userId found for type AnswerSheetAnswerKey! Traversed path: AnswerSheetAnswer.id.
	at org.springframework.beans.factory.support.AbstractAutowireCapableBeanFactory.initializeBean(AbstractAutowireCapableBeanFactory.java:1788) ~[spring-beans-5.3.2.jar:5.3.2]
	at org.springframework.beans.factory.support.AbstractAutowireCapableBeanFactory.doCreateBean(AbstractAutowireCapableBeanFactory.java:609) ~[spring-beans-5.3.2.jar:5.3.2]
	at org.springframework.beans.factory.support.AbstractAutowireCapableBeanFactory.createBean(AbstractAutowireCapableBeanFactory.java:531) ~[spring-beans-5.3.2.jar:5.3.2]
	at org.springframework.beans.factory.support.AbstractBeanFactory.lambda$doGetBean$0(AbstractBeanFactory.java:335) ~[spring-beans-5.3.2.jar:5.3.2]
	at org.springframework.beans.factory.support.DefaultSingletonBeanRegistry.getSingleton(DefaultSingletonBeanRegistry.java:234) ~[spring-beans-5.3.2.jar:5.3.2]
	at org.springframework.beans.factory.support.AbstractBeanFactory.doGetBean(AbstractBeanFactory.java:333) ~[spring-beans-5.3.2.jar:5.3.2]
	at org.springframework.beans.factory.support.AbstractBeanFactory.getBean(AbstractBeanFactory.java:208) ~[spring-beans-5.3.2.jar:5.3.2]
	at org.springframework.beans.factory.config.DependencyDescriptor.resolveCandidate(DependencyDescriptor.java:276) ~[spring-beans-5.3.2.jar:5.3.2]
	at org.springframework.beans.factory.support.DefaultListableBeanFactory.doResolveDependency(DefaultListableBeanFactory.java:1367) ~[spring-beans-5.3.2.jar:5.3.2]
	at org.springframework.beans.factory.support.DefaultListableBeanFactory.resolveDependency(DefaultListableBeanFactory.java:1287) ~[spring-beans-5.3.2.jar:5.3.2]
	at org.springframework.beans.factory.annotation.AutowiredAnnotationBeanPostProcessor$AutowiredFieldElement.inject(AutowiredAnnotationBeanPostProcessor.java:640) ~[spring-beans-5.3.2.jar:5.3.2]
	... 25 common frames omitted
Caused by: java.lang.IllegalArgumentException: Failed to create query for method public abstract java.util.List cn.episooo.datastructurewebapplication.dao.AnswerSheetAnswerDAO.findAllById_SheetIdAndId_UserId(int,int)! No property userId found for type AnswerSheetAnswerKey! Traversed path: AnswerSheetAnswer.id.
	at org.springframework.data.jpa.repository.query.PartTreeJpaQuery.<init>(PartTreeJpaQuery.java:96) ~[spring-data-jpa-2.4.2.jar:2.4.2]
	at org.springframework.data.jpa.repository.query.JpaQueryLookupStrategy$CreateQueryLookupStrategy.resolveQuery(JpaQueryLookupStrategy.java:107) ~[spring-data-jpa-2.4.2.jar:2.4.2]
	at org.springframework.data.jpa.repository.query.JpaQueryLookupStrategy$CreateIfNotFoundQueryLookupStrategy.resolveQuery(JpaQueryLookupStrategy.java:218) ~[spring-data-jpa-2.4.2.jar:2.4.2]
	at org.springframework.data.jpa.repository.query.JpaQueryLookupStrategy$AbstractQueryLookupStrategy.resolveQuery(JpaQueryLookupStrategy.java:81) ~[spring-data-jpa-2.4.2.jar:2.4.2]
	at org.springframework.data.repository.core.support.QueryExecutorMethodInterceptor.lookupQuery(QueryExecutorMethodInterceptor.java:100) ~[spring-data-commons-2.4.2.jar:2.4.2]
	at org.springframework.data.repository.core.support.QueryExecutorMethodInterceptor.lambda$mapMethodsToQuery$1(QueryExecutorMethodInterceptor.java:93) ~[spring-data-commons-2.4.2.jar:2.4.2]
	at java.base/java.util.stream.ReferencePipeline$3$1.accept(ReferencePipeline.java:195) ~[na:na]
	at java.base/java.util.Iterator.forEachRemaining(Iterator.java:133) ~[na:na]
	at java.base/java.util.Collections$UnmodifiableCollection$1.forEachRemaining(Collections.java:1050) ~[na:na]
	at java.base/java.util.Spliterators$IteratorSpliterator.forEachRemaining(Spliterators.java:1801) ~[na:na]
	at java.base/java.util.stream.AbstractPipeline.copyInto(AbstractPipeline.java:484) ~[na:na]
	at java.base/java.util.stream.AbstractPipeline.wrapAndCopyInto(AbstractPipeline.java:474) ~[na:na]
	at java.base/java.util.stream.ReduceOps$ReduceOp.evaluateSequential(ReduceOps.java:913) ~[na:na]
	at java.base/java.util.stream.AbstractPipeline.evaluate(AbstractPipeline.java:234) ~[na:na]
	at java.base/java.util.stream.ReferencePipeline.collect(ReferencePipeline.java:578) ~[na:na]
	at org.springframework.data.repository.core.support.QueryExecutorMethodInterceptor.mapMethodsToQuery(QueryExecutorMethodInterceptor.java:95) ~[spring-data-commons-2.4.2.jar:2.4.2]
	at org.springframework.data.repository.core.support.QueryExecutorMethodInterceptor.lambda$new$0(QueryExecutorMethodInterceptor.java:85) ~[spring-data-commons-2.4.2.jar:2.4.2]
	at java.base/java.util.Optional.map(Optional.java:254) ~[na:na]
	at org.springframework.data.repository.core.support.QueryExecutorMethodInterceptor.<init>(QueryExecutorMethodInterceptor.java:85) ~[spring-data-commons-2.4.2.jar:2.4.2]
	at org.springframework.data.repository.core.support.RepositoryFactorySupport.getRepository(RepositoryFactorySupport.java:303) ~[spring-data-commons-2.4.2.jar:2.4.2]
	at org.springframework.data.repository.core.support.RepositoryFactoryBeanSupport.lambda$afterPropertiesSet$6(RepositoryFactoryBeanSupport.java:326) ~[spring-data-commons-2.4.2.jar:2.4.2]
	at org.springframework.data.util.Lazy.getNullable(Lazy.java:230) ~[spring-data-commons-2.4.2.jar:2.4.2]
	at org.springframework.data.util.Lazy.get(Lazy.java:114) ~[spring-data-commons-2.4.2.jar:2.4.2]
	at org.springframework.data.repository.core.support.RepositoryFactoryBeanSupport.afterPropertiesSet(RepositoryFactoryBeanSupport.java:329) ~[spring-data-commons-2.4.2.jar:2.4.2]
	at org.springframework.data.jpa.repository.support.JpaRepositoryFactoryBean.afterPropertiesSet(JpaRepositoryFactoryBean.java:144) ~[spring-data-jpa-2.4.2.jar:2.4.2]
	at org.springframework.beans.factory.support.AbstractAutowireCapableBeanFactory.invokeInitMethods(AbstractAutowireCapableBeanFactory.java:1847) ~[spring-beans-5.3.2.jar:5.3.2]
	at org.springframework.beans.factory.support.AbstractAutowireCapableBeanFactory.initializeBean(AbstractAutowireCapableBeanFactory.java:1784) ~[spring-beans-5.3.2.jar:5.3.2]
	... 35 common frames omitted
Caused by: org.springframework.data.mapping.PropertyReferenceException: No property userId found for type AnswerSheetAnswerKey! Traversed path: AnswerSheetAnswer.id.
	at org.springframework.data.mapping.PropertyPath.<init>(PropertyPath.java:90) ~[spring-data-commons-2.4.2.jar:2.4.2]
	at org.springframework.data.mapping.PropertyPath.create(PropertyPath.java:437) ~[spring-data-commons-2.4.2.jar:2.4.2]
	at org.springframework.data.mapping.PropertyPath.create(PropertyPath.java:413) ~[spring-data-commons-2.4.2.jar:2.4.2]
	at org.springframework.data.mapping.PropertyPath.create(PropertyPath.java:397) ~[spring-data-commons-2.4.2.jar:2.4.2]
	at org.springframework.data.mapping.PropertyPath.lambda$from$0(PropertyPath.java:369) ~[spring-data-commons-2.4.2.jar:2.4.2]
	at java.base/java.util.concurrent.ConcurrentMap.computeIfAbsent(ConcurrentMap.java:330) ~[na:na]
	at org.springframework.data.mapping.PropertyPath.from(PropertyPath.java:348) ~[spring-data-commons-2.4.2.jar:2.4.2]
	at org.springframework.data.mapping.PropertyPath.from(PropertyPath.java:331) ~[spring-data-commons-2.4.2.jar:2.4.2]
	at org.springframework.data.repository.query.parser.Part.<init>(Part.java:81) ~[spring-data-commons-2.4.2.jar:2.4.2]
	at org.springframework.data.repository.query.parser.PartTree$OrPart.lambda$new$0(PartTree.java:249) ~[spring-data-commons-2.4.2.jar:2.4.2]
	at java.base/java.util.stream.ReferencePipeline$3$1.accept(ReferencePipeline.java:195) ~[na:na]
	at java.base/java.util.stream.ReferencePipeline$2$1.accept(ReferencePipeline.java:177) ~[na:na]
	at java.base/java.util.Spliterators$ArraySpliterator.forEachRemaining(Spliterators.java:948) ~[na:na]
	at java.base/java.util.stream.AbstractPipeline.copyInto(AbstractPipeline.java:484) ~[na:na]
	at java.base/java.util.stream.AbstractPipeline.wrapAndCopyInto(AbstractPipeline.java:474) ~[na:na]
	at java.base/java.util.stream.ReduceOps$ReduceOp.evaluateSequential(ReduceOps.java:913) ~[na:na]
	at java.base/java.util.stream.AbstractPipeline.evaluate(AbstractPipeline.java:234) ~[na:na]
	at java.base/java.util.stream.ReferencePipeline.collect(ReferencePipeline.java:578) ~[na:na]
	at org.springframework.data.repository.query.parser.PartTree$OrPart.<init>(PartTree.java:250) ~[spring-data-commons-2.4.2.jar:2.4.2]
	at org.springframework.data.repository.query.parser.PartTree$Predicate.lambda$new$0(PartTree.java:383) ~[spring-data-commons-2.4.2.jar:2.4.2]
	at java.base/java.util.stream.ReferencePipeline$3$1.accept(ReferencePipeline.java:195) ~[na:na]
	at java.base/java.util.stream.ReferencePipeline$2$1.accept(ReferencePipeline.java:177) ~[na:na]
	at java.base/java.util.Spliterators$ArraySpliterator.forEachRemaining(Spliterators.java:948) ~[na:na]
	at java.base/java.util.stream.AbstractPipeline.copyInto(AbstractPipeline.java:484) ~[na:na]
	at java.base/java.util.stream.AbstractPipeline.wrapAndCopyInto(AbstractPipeline.java:474) ~[na:na]
	at java.base/java.util.stream.ReduceOps$ReduceOp.evaluateSequential(ReduceOps.java:913) ~[na:na]
	at java.base/java.util.stream.AbstractPipeline.evaluate(AbstractPipeline.java:234) ~[na:na]
	at java.base/java.util.stream.ReferencePipeline.collect(ReferencePipeline.java:578) ~[na:na]
	at org.springframework.data.repository.query.parser.PartTree$Predicate.<init>(PartTree.java:384) ~[spring-data-commons-2.4.2.jar:2.4.2]
	at org.springframework.data.repository.query.parser.PartTree.<init>(PartTree.java:95) ~[spring-data-commons-2.4.2.jar:2.4.2]
	at org.springframework.data.jpa.repository.query.PartTreeJpaQuery.<init>(PartTreeJpaQuery.java:89) ~[spring-data-jpa-2.4.2.jar:2.4.2]
	... 61 common frames omitted

2021-01-23 20:12:50.650  INFO 16256 --- [restartedMain] c.e.d.DataStructureWebApplication        : Starting DataStructureWebApplication using Java 10.0.2 on DESKTOP-0M9T14F with PID 16256 (D:\STUDY\JavaWorkPlace\DataStructureWebApplication\target\classes started by Episo in D:\STUDY\JavaWorkPlace\DataStructureWebApplication)
2021-01-23 20:12:50.652 DEBUG 16256 --- [restartedMain] c.e.d.DataStructureWebApplication        : Running with Spring Boot v2.4.1, Spring v5.3.2
2021-01-23 20:12:50.652  INFO 16256 --- [restartedMain] c.e.d.DataStructureWebApplication        : No active profile set, falling back to default profiles: default
2021-01-23 20:12:50.698  INFO 16256 --- [restartedMain] .e.DevToolsPropertyDefaultsPostProcessor : Devtools property defaults active! Set 'spring.devtools.add-properties' to 'false' to disable
2021-01-23 20:12:50.699  INFO 16256 --- [restartedMain] .e.DevToolsPropertyDefaultsPostProcessor : For additional web related logging consider setting the 'logging.level.web' property to 'DEBUG'
2021-01-23 20:12:51.082  INFO 16256 --- [restartedMain] .s.d.r.c.RepositoryConfigurationDelegate : Bootstrapping Spring Data JPA repositories in DEFAULT mode.
2021-01-23 20:12:51.153  INFO 16256 --- [restartedMain] .s.d.r.c.RepositoryConfigurationDelegate : Finished Spring Data repository scanning in 65 ms. Found 12 JPA repository interfaces.
2021-01-23 20:12:51.701  INFO 16256 --- [restartedMain] o.s.b.w.embedded.tomcat.TomcatWebServer  : Tomcat initialized with port(s): 8080 (http)
2021-01-23 20:12:51.708  INFO 16256 --- [restartedMain] o.apache.catalina.core.StandardService   : Starting service [Tomcat]
2021-01-23 20:12:51.709  INFO 16256 --- [restartedMain] org.apache.catalina.core.StandardEngine  : Starting Servlet engine: [Apache Tomcat/9.0.41]
2021-01-23 20:12:51.801  INFO 16256 --- [restartedMain] o.a.c.c.C.[Tomcat].[localhost].[/]       : Initializing Spring embedded WebApplicationContext
2021-01-23 20:12:51.802  INFO 16256 --- [restartedMain] w.s.c.ServletWebServerApplicationContext : Root WebApplicationContext: initialization completed in 1103 ms
2021-01-23 20:12:51.950  INFO 16256 --- [restartedMain] o.hibernate.jpa.internal.util.LogHelper  : HHH000204: Processing PersistenceUnitInfo [fileName: default]
2021-01-23 20:12:51.983  INFO 16256 --- [restartedMain] org.hibernate.Version                    : HHH000412: Hibernate ORM core version 5.4.25.Final
2021-01-23 20:12:52.072  INFO 16256 --- [restartedMain] o.hibernate.annotations.common.Version   : HCANN000001: Hibernate Commons Annotations {5.1.2.Final}
2021-01-23 20:12:52.146  INFO 16256 --- [restartedMain] com.zaxxer.hikari.HikariDataSource       : HikariPool-1 - Starting...
2021-01-23 20:12:52.341  INFO 16256 --- [restartedMain] com.zaxxer.hikari.HikariDataSource       : HikariPool-1 - Start completed.
2021-01-23 20:12:52.351  INFO 16256 --- [restartedMain] org.hibernate.dialect.Dialect            : HHH000400: Using dialect: org.hibernate.dialect.MySQL5InnoDBDialect
2021-01-23 20:12:53.023  INFO 16256 --- [restartedMain] o.h.e.t.j.p.i.JtaPlatformInitiator       : HHH000490: Using JtaPlatform implementation: [org.hibernate.engine.transaction.jta.platform.internal.NoJtaPlatform]
2021-01-23 20:12:53.030  INFO 16256 --- [restartedMain] j.LocalContainerEntityManagerFactoryBean : Initialized JPA EntityManagerFactory for persistence unit 'default'
2021-01-23 20:12:53.055  INFO 16256 --- [restartedMain] o.s.b.d.a.OptionalLiveReloadServer       : LiveReload server is running on port 35729
2021-01-23 20:12:53.574  WARN 16256 --- [restartedMain] JpaBaseConfiguration$JpaWebConfiguration : spring.jpa.open-in-view is enabled by default. Therefore, database queries may be performed during view rendering. Explicitly configure spring.jpa.open-in-view to disable this warning
2021-01-23 20:12:53.697  INFO 16256 --- [restartedMain] o.s.s.concurrent.ThreadPoolTaskExecutor  : Initializing ExecutorService 'applicationTaskExecutor'
2021-01-23 20:12:53.959  INFO 16256 --- [restartedMain] o.s.b.w.embedded.tomcat.TomcatWebServer  : Tomcat started on port(s): 8080 (http) with context path ''
2021-01-23 20:12:53.980  INFO 16256 --- [restartedMain] c.e.d.DataStructureWebApplication        : Started DataStructureWebApplication in 3.866 seconds (JVM running for 5.367)
2021-01-23 20:15:48.242  INFO 16256 --- [http-nio-8080-exec-1] o.a.c.c.C.[Tomcat].[localhost].[/]       : Initializing Spring DispatcherServlet 'dispatcherServlet'
2021-01-23 20:15:48.243  INFO 16256 --- [http-nio-8080-exec-1] o.s.web.servlet.DispatcherServlet        : Initializing Servlet 'dispatcherServlet'
2021-01-23 20:15:48.244  INFO 16256 --- [http-nio-8080-exec-1] o.s.web.servlet.DispatcherServlet        : Completed initialization in 1 ms
2021-01-23 20:20:24.057  INFO 16256 --- [SpringContextShutdownHook] o.s.s.concurrent.ThreadPoolTaskExecutor  : Shutting down ExecutorService 'applicationTaskExecutor'
2021-01-23 20:20:24.062  INFO 16256 --- [SpringContextShutdownHook] j.LocalContainerEntityManagerFactoryBean : Closing JPA EntityManagerFactory for persistence unit 'default'
2021-01-23 20:20:24.066  INFO 16256 --- [SpringContextShutdownHook] com.zaxxer.hikari.HikariDataSource       : HikariPool-1 - Shutdown initiated...
2021-01-23 20:20:24.072  INFO 16256 --- [SpringContextShutdownHook] com.zaxxer.hikari.HikariDataSource       : HikariPool-1 - Shutdown completed.
2021-01-23 20:20:28.080  INFO 4588 --- [restartedMain] c.e.d.DataStructureWebApplication        : Starting DataStructureWebApplication using Java 10.0.2 on DESKTOP-0M9T14F with PID 4588 (D:\STUDY\JavaWorkPlace\DataStructureWebApplication\target\classes started by Episo in D:\STUDY\JavaWorkPlace\DataStructureWebApplication)
2021-01-23 20:20:28.084 DEBUG 4588 --- [restartedMain] c.e.d.DataStructureWebApplication        : Running with Spring Boot v2.4.1, Spring v5.3.2
2021-01-23 20:20:28.084  INFO 4588 --- [restartedMain] c.e.d.DataStructureWebApplication        : No active profile set, falling back to default profiles: default
2021-01-23 20:20:28.169  INFO 4588 --- [restartedMain] .e.DevToolsPropertyDefaultsPostProcessor : Devtools property defaults active! Set 'spring.devtools.add-properties' to 'false' to disable
2021-01-23 20:20:28.169  INFO 4588 --- [restartedMain] .e.DevToolsPropertyDefaultsPostProcessor : For additional web related logging consider setting the 'logging.level.web' property to 'DEBUG'
2021-01-23 20:20:28.604  INFO 4588 --- [restartedMain] .s.d.r.c.RepositoryConfigurationDelegate : Bootstrapping Spring Data JPA repositories in DEFAULT mode.
2021-01-23 20:20:28.689  INFO 4588 --- [restartedMain] .s.d.r.c.RepositoryConfigurationDelegate : Finished Spring Data repository scanning in 78 ms. Found 12 JPA repository interfaces.
2021-01-23 20:20:29.364  INFO 4588 --- [restartedMain] o.s.b.w.embedded.tomcat.TomcatWebServer  : Tomcat initialized with port(s): 8080 (http)
2021-01-23 20:20:29.382  INFO 4588 --- [restartedMain] o.apache.catalina.core.StandardService   : Starting service [Tomcat]
2021-01-23 20:20:29.383  INFO 4588 --- [restartedMain] org.apache.catalina.core.StandardEngine  : Starting Servlet engine: [Apache Tomcat/9.0.41]
2021-01-23 20:20:29.499  INFO 4588 --- [restartedMain] o.a.c.c.C.[Tomcat].[localhost].[/]       : Initializing Spring embedded WebApplicationContext
2021-01-23 20:20:29.499  INFO 4588 --- [restartedMain] w.s.c.ServletWebServerApplicationContext : Root WebApplicationContext: initialization completed in 1330 ms
2021-01-23 20:20:29.721  INFO 4588 --- [restartedMain] o.hibernate.jpa.internal.util.LogHelper  : HHH000204: Processing PersistenceUnitInfo [fileName: default]
2021-01-23 20:20:29.759  INFO 4588 --- [restartedMain] org.hibernate.Version                    : HHH000412: Hibernate ORM core version 5.4.25.Final
2021-01-23 20:20:29.865  INFO 4588 --- [restartedMain] o.hibernate.annotations.common.Version   : HCANN000001: Hibernate Commons Annotations {5.1.2.Final}
2021-01-23 20:20:29.963  INFO 4588 --- [restartedMain] com.zaxxer.hikari.HikariDataSource       : HikariPool-1 - Starting...
2021-01-23 20:20:30.207  INFO 4588 --- [restartedMain] com.zaxxer.hikari.HikariDataSource       : HikariPool-1 - Start completed.
2021-01-23 20:20:30.219  INFO 4588 --- [restartedMain] org.hibernate.dialect.Dialect            : HHH000400: Using dialect: org.hibernate.dialect.MySQL5InnoDBDialect
2021-01-23 20:20:31.087  INFO 4588 --- [restartedMain] o.h.e.t.j.p.i.JtaPlatformInitiator       : HHH000490: Using JtaPlatform implementation: [org.hibernate.engine.transaction.jta.platform.internal.NoJtaPlatform]
2021-01-23 20:20:31.094  INFO 4588 --- [restartedMain] j.LocalContainerEntityManagerFactoryBean : Initialized JPA EntityManagerFactory for persistence unit 'default'
2021-01-23 20:20:31.122  INFO 4588 --- [restartedMain] o.s.b.d.a.OptionalLiveReloadServer       : LiveReload server is running on port 35729
2021-01-23 20:20:31.691  WARN 4588 --- [restartedMain] JpaBaseConfiguration$JpaWebConfiguration : spring.jpa.open-in-view is enabled by default. Therefore, database queries may be performed during view rendering. Explicitly configure spring.jpa.open-in-view to disable this warning
2021-01-23 20:20:31.833  INFO 4588 --- [restartedMain] o.s.s.concurrent.ThreadPoolTaskExecutor  : Initializing ExecutorService 'applicationTaskExecutor'
2021-01-23 20:20:32.119  INFO 4588 --- [restartedMain] o.s.b.w.embedded.tomcat.TomcatWebServer  : Tomcat started on port(s): 8080 (http) with context path ''
2021-01-23 20:20:32.136  INFO 4588 --- [restartedMain] c.e.d.DataStructureWebApplication        : Started DataStructureWebApplication in 4.603 seconds (JVM running for 6.27)
2021-01-23 20:20:32.173  INFO 4588 --- [http-nio-8080-exec-2] o.a.c.c.C.[Tomcat].[localhost].[/]       : Initializing Spring DispatcherServlet 'dispatcherServlet'
2021-01-23 20:20:32.174  INFO 4588 --- [http-nio-8080-exec-2] o.s.web.servlet.DispatcherServlet        : Initializing Servlet 'dispatcherServlet'
2021-01-23 20:20:32.175  INFO 4588 --- [http-nio-8080-exec-2] o.s.web.servlet.DispatcherServlet        : Completed initialization in 1 ms
2021-01-23 20:22:58.039  INFO 4588 --- [Thread-4] o.s.s.concurrent.ThreadPoolTaskExecutor  : Shutting down ExecutorService 'applicationTaskExecutor'
2021-01-23 20:22:58.043  INFO 4588 --- [Thread-4] j.LocalContainerEntityManagerFactoryBean : Closing JPA EntityManagerFactory for persistence unit 'default'
2021-01-23 20:22:58.046  INFO 4588 --- [Thread-4] com.zaxxer.hikari.HikariDataSource       : HikariPool-1 - Shutdown initiated...
2021-01-23 20:22:58.052  INFO 4588 --- [Thread-4] com.zaxxer.hikari.HikariDataSource       : HikariPool-1 - Shutdown completed.
2021-01-23 20:22:58.207  INFO 4588 --- [restartedMain] c.e.d.DataStructureWebApplication        : Starting DataStructureWebApplication using Java 10.0.2 on DESKTOP-0M9T14F with PID 4588 (D:\STUDY\JavaWorkPlace\DataStructureWebApplication\target\classes started by Episo in D:\STUDY\JavaWorkPlace\DataStructureWebApplication)
2021-01-23 20:22:58.208 DEBUG 4588 --- [restartedMain] c.e.d.DataStructureWebApplication        : Running with Spring Boot v2.4.1, Spring v5.3.2
2021-01-23 20:22:58.208  INFO 4588 --- [restartedMain] c.e.d.DataStructureWebApplication        : No active profile set, falling back to default profiles: default
2021-01-23 20:22:58.382  INFO 4588 --- [restartedMain] .s.d.r.c.RepositoryConfigurationDelegate : Bootstrapping Spring Data JPA repositories in DEFAULT mode.
2021-01-23 20:22:58.383  INFO 4588 --- [restartedMain] .s.d.r.c.RepositoryConfigurationDelegate : Finished Spring Data repository scanning in 0 ms. Found 0 JPA repository interfaces.
2021-01-23 20:22:58.481  INFO 4588 --- [restartedMain] o.s.b.w.embedded.tomcat.TomcatWebServer  : Tomcat initialized with port(s): 8080 (http)
2021-01-23 20:22:58.482  INFO 4588 --- [restartedMain] o.apache.catalina.core.StandardService   : Starting service [Tomcat]
2021-01-23 20:22:58.483  INFO 4588 --- [restartedMain] org.apache.catalina.core.StandardEngine  : Starting Servlet engine: [Apache Tomcat/9.0.41]
2021-01-23 20:22:58.508  INFO 4588 --- [restartedMain] o.a.c.c.C.[Tomcat].[localhost].[/]       : Initializing Spring embedded WebApplicationContext
2021-01-23 20:22:58.509  INFO 4588 --- [restartedMain] w.s.c.ServletWebServerApplicationContext : Root WebApplicationContext: initialization completed in 298 ms
2021-01-23 20:22:58.558  INFO 4588 --- [restartedMain] o.hibernate.jpa.internal.util.LogHelper  : HHH000204: Processing PersistenceUnitInfo [fileName: default]
2021-01-23 20:22:58.562  INFO 4588 --- [restartedMain] com.zaxxer.hikari.HikariDataSource       : HikariPool-2 - Starting...
2021-01-23 20:22:58.589  INFO 4588 --- [restartedMain] com.zaxxer.hikari.HikariDataSource       : HikariPool-2 - Start completed.
2021-01-23 20:22:58.590  INFO 4588 --- [restartedMain] org.hibernate.dialect.Dialect            : HHH000400: Using dialect: org.hibernate.dialect.MySQL5InnoDBDialect
2021-01-23 20:22:58.703  INFO 4588 --- [restartedMain] o.h.e.t.j.p.i.JtaPlatformInitiator       : HHH000490: Using JtaPlatform implementation: [org.hibernate.engine.transaction.jta.platform.internal.NoJtaPlatform]
2021-01-23 20:22:58.705  INFO 4588 --- [restartedMain] j.LocalContainerEntityManagerFactoryBean : Initialized JPA EntityManagerFactory for persistence unit 'default'
2021-01-23 20:22:58.722  INFO 4588 --- [restartedMain] o.s.b.d.a.OptionalLiveReloadServer       : LiveReload server is running on port 35729
2021-01-23 20:22:58.742  WARN 4588 --- [restartedMain] JpaBaseConfiguration$JpaWebConfiguration : spring.jpa.open-in-view is enabled by default. Therefore, database queries may be performed during view rendering. Explicitly configure spring.jpa.open-in-view to disable this warning
2021-01-23 20:22:58.813  INFO 4588 --- [restartedMain] o.s.s.concurrent.ThreadPoolTaskExecutor  : Initializing ExecutorService 'applicationTaskExecutor'
2021-01-23 20:22:58.918  INFO 4588 --- [restartedMain] o.s.b.w.embedded.tomcat.TomcatWebServer  : Tomcat started on port(s): 8080 (http) with context path ''
2021-01-23 20:22:58.924  INFO 4588 --- [restartedMain] c.e.d.DataStructureWebApplication        : Started DataStructureWebApplication in 0.744 seconds (JVM running for 153.058)
2021-01-23 20:22:58.926  INFO 4588 --- [restartedMain] .ConditionEvaluationDeltaLoggingListener : Condition evaluation unchanged
2021-01-23 20:23:01.883  INFO 4588 --- [Thread-8] o.s.s.concurrent.ThreadPoolTaskExecutor  : Shutting down ExecutorService 'applicationTaskExecutor'
2021-01-23 20:23:01.884  INFO 4588 --- [Thread-8] j.LocalContainerEntityManagerFactoryBean : Closing JPA EntityManagerFactory for persistence unit 'default'
2021-01-23 20:23:01.884  INFO 4588 --- [Thread-8] com.zaxxer.hikari.HikariDataSource       : HikariPool-2 - Shutdown initiated...
2021-01-23 20:23:01.892  INFO 4588 --- [Thread-8] com.zaxxer.hikari.HikariDataSource       : HikariPool-2 - Shutdown completed.
2021-01-23 20:23:01.986  INFO 4588 --- [restartedMain] c.e.d.DataStructureWebApplication        : Starting DataStructureWebApplication using Java 10.0.2 on DESKTOP-0M9T14F with PID 4588 (D:\STUDY\JavaWorkPlace\DataStructureWebApplication\target\classes started by Episo in D:\STUDY\JavaWorkPlace\DataStructureWebApplication)
2021-01-23 20:23:01.986 DEBUG 4588 --- [restartedMain] c.e.d.DataStructureWebApplication        : Running with Spring Boot v2.4.1, Spring v5.3.2
2021-01-23 20:23:01.986  INFO 4588 --- [restartedMain] c.e.d.DataStructureWebApplication        : No active profile set, falling back to default profiles: default
2021-01-23 20:23:02.214  INFO 4588 --- [restartedMain] .s.d.r.c.RepositoryConfigurationDelegate : Bootstrapping Spring Data JPA repositories in DEFAULT mode.
2021-01-23 20:23:02.271  INFO 4588 --- [restartedMain] .s.d.r.c.RepositoryConfigurationDelegate : Finished Spring Data repository scanning in 56 ms. Found 12 JPA repository interfaces.
2021-01-23 20:23:02.438  INFO 4588 --- [restartedMain] o.s.b.w.embedded.tomcat.TomcatWebServer  : Tomcat initialized with port(s): 8080 (http)
2021-01-23 20:23:02.439  INFO 4588 --- [restartedMain] o.apache.catalina.core.StandardService   : Starting service [Tomcat]
2021-01-23 20:23:02.439  INFO 4588 --- [restartedMain] org.apache.catalina.core.StandardEngine  : Starting Servlet engine: [Apache Tomcat/9.0.41]
2021-01-23 20:23:02.462  INFO 4588 --- [restartedMain] o.a.c.c.C.[Tomcat].[localhost].[/]       : Initializing Spring embedded WebApplicationContext
2021-01-23 20:23:02.463  INFO 4588 --- [restartedMain] w.s.c.ServletWebServerApplicationContext : Root WebApplicationContext: initialization completed in 471 ms
2021-01-23 20:23:02.498  INFO 4588 --- [restartedMain] o.hibernate.jpa.internal.util.LogHelper  : HHH000204: Processing PersistenceUnitInfo [fileName: default]
2021-01-23 20:23:02.507  INFO 4588 --- [restartedMain] com.zaxxer.hikari.HikariDataSource       : HikariPool-3 - Starting...
2021-01-23 20:23:02.516  INFO 4588 --- [restartedMain] com.zaxxer.hikari.HikariDataSource       : HikariPool-3 - Start completed.
2021-01-23 20:23:02.516  INFO 4588 --- [restartedMain] org.hibernate.dialect.Dialect            : HHH000400: Using dialect: org.hibernate.dialect.MySQL5InnoDBDialect
2021-01-23 20:23:02.780  INFO 4588 --- [restartedMain] o.h.e.t.j.p.i.JtaPlatformInitiator       : HHH000490: Using JtaPlatform implementation: [org.hibernate.engine.transaction.jta.platform.internal.NoJtaPlatform]
2021-01-23 20:23:02.780  INFO 4588 --- [restartedMain] j.LocalContainerEntityManagerFactoryBean : Initialized JPA EntityManagerFactory for persistence unit 'default'
2021-01-23 20:23:02.790  INFO 4588 --- [restartedMain] o.s.b.d.a.OptionalLiveReloadServer       : LiveReload server is running on port 35729
2021-01-23 20:23:03.065  WARN 4588 --- [restartedMain] JpaBaseConfiguration$JpaWebConfiguration : spring.jpa.open-in-view is enabled by default. Therefore, database queries may be performed during view rendering. Explicitly configure spring.jpa.open-in-view to disable this warning
2021-01-23 20:23:03.130  INFO 4588 --- [restartedMain] o.s.s.concurrent.ThreadPoolTaskExecutor  : Initializing ExecutorService 'applicationTaskExecutor'
2021-01-23 20:23:03.206  INFO 4588 --- [restartedMain] o.s.b.w.embedded.tomcat.TomcatWebServer  : Tomcat started on port(s): 8080 (http) with context path ''
2021-01-23 20:23:03.210  INFO 4588 --- [restartedMain] c.e.d.DataStructureWebApplication        : Started DataStructureWebApplication in 1.26 seconds (JVM running for 157.345)
2021-01-23 20:23:03.211  INFO 4588 --- [restartedMain] .ConditionEvaluationDeltaLoggingListener : Condition evaluation unchanged
2021-01-23 20:23:53.490  INFO 4588 --- [SpringContextShutdownHook] o.s.s.concurrent.ThreadPoolTaskExecutor  : Shutting down ExecutorService 'applicationTaskExecutor'
2021-01-23 20:23:53.491  INFO 4588 --- [SpringContextShutdownHook] j.LocalContainerEntityManagerFactoryBean : Closing JPA EntityManagerFactory for persistence unit 'default'
2021-01-23 20:23:53.492  INFO 4588 --- [SpringContextShutdownHook] com.zaxxer.hikari.HikariDataSource       : HikariPool-3 - Shutdown initiated...
2021-01-23 20:23:53.496  INFO 4588 --- [SpringContextShutdownHook] com.zaxxer.hikari.HikariDataSource       : HikariPool-3 - Shutdown completed.
